<?xml version="1.0" encoding="UTF-8"?>
<!-- Generated by org.testng.reporters.JUnitReportReporter -->
<testsuite hostname="K501UB" failures="0" tests="1" name="testCases.TC_006_EndToEndTest" time="59.498" errors="0" timestamp="2023-11-06T21:47:02 ICT" skipped="0">
  <testcase classname="testCases.TC_006_EndToEndTest" name="endToendTest" time="59.498"/>
  <system-out/>
</testsuite> <!-- testCases.TC_006_EndToEndTest -->
