<?xml version="1.0" encoding="UTF-8"?>
<!-- Generated by org.testng.reporters.JUnitReportReporter -->
<testsuite hostname="K501UB" failures="0" tests="1" name="testCases.TC_005_AddToCartPageTest" time="2.744" errors="0" timestamp="2023-11-06T21:55:44 ICT" skipped="0">
  <testcase classname="testCases.TC_005_AddToCartPageTest" name="test_addToCart" time="2.744"/>
</testsuite> <!-- testCases.TC_005_AddToCartPageTest -->
