<?xml version="1.0" encoding="UTF-8"?>
<!-- Generated by org.testng.reporters.JUnitReportReporter -->
<testsuite hostname="K501UB" failures="0" tests="1" name="testCases.TC_006_EndToEndTest" time="58.522" errors="0" timestamp="2023-11-07T21:44:26 ICT" skipped="0">
  <testcase classname="testCases.TC_006_EndToEndTest" name="endToendTest" time="58.522"/>
</testsuite> <!-- testCases.TC_006_EndToEndTest -->
