<?xml version="1.0" encoding="UTF-8"?>
<!-- Generated by org.testng.reporters.JUnitReportReporter -->
<testsuite hostname="K501UB" failures="0" tests="1" name="testCases.TC_002_LoginTest" time="1.963" errors="0" timestamp="2023-11-05T23:44:13 ICT" skipped="0">
  <testcase classname="testCases.TC_002_LoginTest" name="test_Login" time="1.963"/>
</testsuite> <!-- testCases.TC_002_LoginTest -->
