<?xml version="1.0" encoding="UTF-8"?>
<!-- Generated by org.testng.reporters.JUnitReportReporter -->
<testsuite hostname="K501UB" failures="0" tests="1" name="testCases.TC_004_SearchProductTest" time="1.783" errors="0" timestamp="2023-11-07T21:44:26 ICT" skipped="0">
  <testcase classname="testCases.TC_004_SearchProductTest" name="test_pruductSearch" time="1.783"/>
</testsuite> <!-- testCases.TC_004_SearchProductTest -->
